/*C1*/SET SCHEMA SYSTEM_LOBS
INSERT INTO BLOCKS VALUES(0,2147483647,0)
COMMIT
/*C2*/SET SCHEMA PUBLIC
drop table if exists hotel_booking CASCADE 
drop sequence hibernate_sequence if exists
create sequence hibernate_sequence start with 1 increment by 1
create table hotel_booking (id bigint not null, hotel_name varchar(255), num_of_nights integer not null, price_per_night double not null, primary key (id))
INSERT INTO HOTEL_BOOKING VALUES(1,'Hotel 8',7,50.0E0)
INSERT INTO HOTEL_BOOKING VALUES(2,'Marriot',5,199.99E0)
INSERT INTO HOTEL_BOOKING VALUES(3,'Renaissance',3,140.0E0)
INSERT INTO HOTEL_BOOKING VALUES(4,'Brown Palace',1,300.0E0)
ALTER SEQUENCE PUBLIC.HIBERNATE_SEQUENCE RESTART WITH 5
COMMIT
INSERT INTO HOTEL_BOOKING VALUES(5,'Eyy Waddup Server bois',1,1337.0E0)
ALTER SEQUENCE PUBLIC.HIBERNATE_SEQUENCE RESTART WITH 6
COMMIT
INSERT INTO HOTEL_BOOKING VALUES(6,'Hotel Maximus',10,1337.0E0)
ALTER SEQUENCE PUBLIC.HIBERNATE_SEQUENCE RESTART WITH 7
COMMIT
DELETE FROM HOTEL_BOOKING WHERE ID=1
COMMIT
DELETE FROM HOTEL_BOOKING WHERE ID=2
COMMIT
DELETE FROM HOTEL_BOOKING WHERE ID=3
COMMIT
drop table if exists hotel_booking CASCADE 
drop sequence hibernate_sequence if exists
DISCONNECT
/*C3*/SET SCHEMA PUBLIC
DISCONNECT
/*C4*/SET SCHEMA PUBLIC
DISCONNECT
/*C5*/SET SCHEMA PUBLIC
DISCONNECT
/*C6*/SET SCHEMA PUBLIC
DISCONNECT
/*C7*/SET SCHEMA PUBLIC
DISCONNECT
/*C8*/SET SCHEMA PUBLIC
DISCONNECT
/*C9*/SET SCHEMA PUBLIC
DISCONNECT
/*C10*/SET SCHEMA PUBLIC
DISCONNECT
/*C11*/SET SCHEMA PUBLIC
DISCONNECT
